android/app/build/intermediates/manifest_merge_blame_file/debug/processDebugMainManifest/manifest-merger-blame-debug-report.txt
1<?xml version="1.0" encoding="utf-8"?>
2<manifest xmlns:android="http://schemas.android.com/apk/res/android"
3    package="com.example.phase2"
4    android:versionCode="1"
5    android:versionName="1.0" >
6
7    <uses-sdk
8        android:minSdkVersion="23"
9        android:targetSdkVersion="34" />
10    <!--
11         The INTERNET permission is required for development. Specifically,
12         the Flutter tool needs it to communicate with the running application
13         to allow setting breakpoints, to provide hot reload, etc.
14    -->
15    <uses-permission android:name="android.permission.INTERNET" />
15-->src\main\AndroidManifest.xml:3:5-67
15-->src\main\AndroidManifest.xml:3:22-64
16    <!--
17     Required to query activities that can process text, see:
18         https://developer.android.com/training/package-visibility and
19         https://developer.android.com/reference/android/content/Intent#ACTION_PROCESS_TEXT.
20
21         In particular, this is used by the Flutter engine in io.flutter.plugin.text.ProcessTextPlugin.
22    -->
23    <queries>
23-->src\main\AndroidManifest.xml:42:5-47:15
24        <intent>
24-->src\main\AndroidManifest.xml:43:9-46:18
25            <action android:name="android.intent.action.PROCESS_TEXT" />
25-->src\main\AndroidManifest.xml:44:13-72
25-->src\main\AndroidManifest.xml:44:21-70
26
27            <data android:mimeType="text/plain" />
27-->src\main\AndroidManifest.xml:45:13-50
27-->src\main\AndroidManifest.xml:45:19-48
28        </intent>
29    </queries> <!-- Although the *SdkVersion is captured in gradle build files, this is required for non gradle builds -->
30    <!-- <uses-sdk android:minSdkVersion="21" /> -->
31    <uses-permission android:name="android.permission.ACCESS_NETWORK_STATE" />
31-->[com.google.firebase:firebase-firestore:25.1.4] AndroidManifest.xml:10:5-79
31-->[com.google.firebase:firebase-firestore:25.1.4] AndroidManifest.xml:10:22-76
32    <uses-permission android:name="android.permission.WAKE_LOCK" />
32-->[com.google.android.gms:play-services-measurement-api:22.4.0] AndroidManifest.xml:24:5-68
32-->[com.google.android.gms:play-services-measurement-api:22.4.0] AndroidManifest.xml:24:22-65
33    <uses-permission android:name="com.google.android.gms.permission.AD_ID" />
33-->[com.google.android.gms:play-services-measurement-api:22.4.0] AndroidManifest.xml:25:5-79
33-->[com.google.android.gms:play-services-measurement-api:22.4.0] AndroidManifest.xml:25:22-76
34    <uses-permission android:name="android.permission.ACCESS_ADSERVICES_ATTRIBUTION" />
34-->[com.google.android.gms:play-services-measurement-api:22.4.0] AndroidManifest.xml:26:5-88
34-->[com.google.android.gms:play-services-measurement-api:22.4.0] AndroidManifest.xml:26:22-85
35    <uses-permission android:name="android.permission.ACCESS_ADSERVICES_AD_ID" />
35-->[com.google.android.gms:play-services-measurement-api:22.4.0] AndroidManifest.xml:27:5-82
35-->[com.google.android.gms:play-services-measurement-api:22.4.0] AndroidManifest.xml:27:22-79
36    <uses-permission android:name="com.google.android.providers.gsf.permission.READ_GSERVICES" />
36-->[com.google.android.recaptcha:recaptcha:18.6.1] AndroidManifest.xml:9:5-98
36-->[com.google.android.recaptcha:recaptcha:18.6.1] AndroidManifest.xml:9:22-95
37    <uses-permission android:name="com.google.android.finsky.permission.BIND_GET_INSTALL_REFERRER_SERVICE" />
37-->[com.google.android.gms:play-services-measurement:22.4.0] AndroidManifest.xml:26:5-110
37-->[com.google.android.gms:play-services-measurement:22.4.0] AndroidManifest.xml:26:22-107
38
39    <permission
39-->[androidx.core:core:1.13.1] AndroidManifest.xml:22:5-24:47
40        android:name="com.example.phase2.DYNAMIC_RECEIVER_NOT_EXPORTED_PERMISSION"
40-->[androidx.core:core:1.13.1] AndroidManifest.xml:23:9-81
41        android:protectionLevel="signature" />
41-->[androidx.core:core:1.13.1] AndroidManifest.xml:24:9-44
42
43    <uses-permission android:name="com.example.phase2.DYNAMIC_RECEIVER_NOT_EXPORTED_PERMISSION" />
43-->[androidx.core:core:1.13.1] AndroidManifest.xml:26:5-97
43-->[androidx.core:core:1.13.1] AndroidManifest.xml:26:22-94
44
45    <application
46        android:name="android.app.Application"
47        android:appComponentFactory="androidx.core.app.CoreComponentFactory"
47-->[androidx.core:core:1.13.1] AndroidManifest.xml:28:18-86
48        android:debuggable="true"
49        android:extractNativeLibs="false"
50        android:icon="@mipmap/ic_launcher"
51        android:label="phase2"
52        android:testOnly="true" >
53        <activity
54            android:name="com.example.phase2.MainActivity"
55            android:configChanges="orientation|keyboardHidden|keyboard|screenSize|smallestScreenSize|locale|layoutDirection|fontScale|screenLayout|density|uiMode"
56            android:exported="true"
57            android:hardwareAccelerated="true"
58            android:launchMode="singleTop"
59            android:taskAffinity=""
60            android:theme="@style/LaunchTheme"
61            android:windowSoftInputMode="adjustResize" >
62
63            <!--
64                 Specifies an Android theme to apply to this Activity as soon as
65                 the Android process has started. This theme is visible to the user
66                 while the Flutter UI initializes. After that, this theme continues
67                 to determine the Window background behind the Flutter UI.
68            -->
69            <meta-data
70                android:name="io.flutter.embedding.android.NormalTheme"
71                android:resource="@style/NormalTheme" />
72
73            <intent-filter>
74                <action android:name="android.intent.action.MAIN" />
75
76                <category android:name="android.intent.category.LAUNCHER" />
77            </intent-filter>
78        </activity>
79        <!--
80             Don't delete the meta-data below.
81             This is used by the Flutter tool to generate GeneratedPluginRegistrant.java
82        -->
83        <meta-data
84            android:name="flutterEmbedding"
85            android:value="2" />
86
87        <service
87-->[:cloud_firestore] AndroidManifest.xml:8:9-12:19
88            android:name="com.google.firebase.components.ComponentDiscoveryService"
88-->[:cloud_firestore] AndroidManifest.xml:8:18-89
89            android:directBootAware="true"
89-->[com.google.firebase:firebase-common:21.0.0] AndroidManifest.xml:32:13-43
90            android:exported="false" >
90-->[com.google.firebase:firebase-analytics-ktx:22.4.0] AndroidManifest.xml:10:13-37
91            <meta-data
91-->[:cloud_firestore] AndroidManifest.xml:9:13-11:85
92                android:name="com.google.firebase.components:io.flutter.plugins.firebase.firestore.FlutterFirebaseFirestoreRegistrar"
92-->[:cloud_firestore] AndroidManifest.xml:10:17-134
93                android:value="com.google.firebase.components.ComponentRegistrar" />
93-->[:cloud_firestore] AndroidManifest.xml:11:17-82
94            <meta-data
94-->[:firebase_auth] AndroidManifest.xml:9:13-11:85
95                android:name="com.google.firebase.components:io.flutter.plugins.firebase.auth.FlutterFirebaseAuthRegistrar"
95-->[:firebase_auth] AndroidManifest.xml:10:17-124
96                android:value="com.google.firebase.components.ComponentRegistrar" />
96-->[:firebase_auth] AndroidManifest.xml:11:17-82
97            <meta-data
97-->[:firebase_core] AndroidManifest.xml:9:13-11:85
98                android:name="com.google.firebase.components:io.flutter.plugins.firebase.core.FlutterFirebaseCoreRegistrar"
98-->[:firebase_core] AndroidManifest.xml:10:17-124
99                android:value="com.google.firebase.components.ComponentRegistrar" />
99-->[:firebase_core] AndroidManifest.xml:11:17-82
100            <meta-data
100-->[com.google.firebase:firebase-analytics-ktx:22.4.0] AndroidManifest.xml:11:13-13:85
101                android:name="com.google.firebase.components:com.google.firebase.analytics.ktx.FirebaseAnalyticsLegacyRegistrar"
101-->[com.google.firebase:firebase-analytics-ktx:22.4.0] AndroidManifest.xml:12:17-129
102                android:value="com.google.firebase.components.ComponentRegistrar" />
102-->[com.google.firebase:firebase-analytics-ktx:22.4.0] AndroidManifest.xml:13:17-82
103            <meta-data
103-->[com.google.firebase:firebase-auth-ktx:23.2.0] AndroidManifest.xml:11:13-13:85
104                android:name="com.google.firebase.components:com.google.firebase.auth.ktx.FirebaseAuthLegacyRegistrar"
104-->[com.google.firebase:firebase-auth-ktx:23.2.0] AndroidManifest.xml:12:17-119
105                android:value="com.google.firebase.components.ComponentRegistrar" />
105-->[com.google.firebase:firebase-auth-ktx:23.2.0] AndroidManifest.xml:13:17-82
106            <meta-data
106-->[com.google.firebase:firebase-firestore-ktx:25.1.4] AndroidManifest.xml:12:13-14:85
107                android:name="com.google.firebase.components:com.google.firebase.firestore.ktx.FirebaseFirestoreLegacyRegistrar"
107-->[com.google.firebase:firebase-firestore-ktx:25.1.4] AndroidManifest.xml:13:17-129
108                android:value="com.google.firebase.components.ComponentRegistrar" />
108-->[com.google.firebase:firebase-firestore-ktx:25.1.4] AndroidManifest.xml:14:17-82
109            <meta-data
109-->[com.google.firebase:firebase-firestore:25.1.4] AndroidManifest.xml:17:13-19:85
110                android:name="com.google.firebase.components:com.google.firebase.firestore.FirebaseFirestoreKtxRegistrar"
110-->[com.google.firebase:firebase-firestore:25.1.4] AndroidManifest.xml:18:17-122
111                android:value="com.google.firebase.components.ComponentRegistrar" />
111-->[com.google.firebase:firebase-firestore:25.1.4] AndroidManifest.xml:19:17-82
112            <meta-data
112-->[com.google.firebase:firebase-firestore:25.1.4] AndroidManifest.xml:20:13-22:85
113                android:name="com.google.firebase.components:com.google.firebase.firestore.FirestoreRegistrar"
113-->[com.google.firebase:firebase-firestore:25.1.4] AndroidManifest.xml:21:17-111
114                android:value="com.google.firebase.components.ComponentRegistrar" />
114-->[com.google.firebase:firebase-firestore:25.1.4] AndroidManifest.xml:22:17-82
115            <meta-data
115-->[com.google.firebase:firebase-auth:23.2.0] AndroidManifest.xml:69:13-71:85
116                android:name="com.google.firebase.components:com.google.firebase.auth.FirebaseAuthRegistrar"
116-->[com.google.firebase:firebase-auth:23.2.0] AndroidManifest.xml:70:17-109
117                android:value="com.google.firebase.components.ComponentRegistrar" />
117-->[com.google.firebase:firebase-auth:23.2.0] AndroidManifest.xml:71:17-82
118            <meta-data
118-->[com.google.firebase:firebase-database-ktx:21.0.0] AndroidManifest.xml:12:13-14:85
119                android:name="com.google.firebase.components:com.google.firebase.database.ktx.FirebaseDatabaseLegacyRegistrar"
119-->[com.google.firebase:firebase-database-ktx:21.0.0] AndroidManifest.xml:13:17-127
120                android:value="com.google.firebase.components.ComponentRegistrar" />
120-->[com.google.firebase:firebase-database-ktx:21.0.0] AndroidManifest.xml:14:17-82
121            <meta-data
121-->[com.google.firebase:firebase-database:21.0.0] AndroidManifest.xml:29:13-31:85
122                android:name="com.google.firebase.components:com.google.firebase.database.FirebaseDatabaseKtxRegistrar"
122-->[com.google.firebase:firebase-database:21.0.0] AndroidManifest.xml:30:17-120
123                android:value="com.google.firebase.components.ComponentRegistrar" />
123-->[com.google.firebase:firebase-database:21.0.0] AndroidManifest.xml:31:17-82
124            <meta-data
124-->[com.google.firebase:firebase-database:21.0.0] AndroidManifest.xml:32:13-34:85
125                android:name="com.google.firebase.components:com.google.firebase.database.DatabaseRegistrar"
125-->[com.google.firebase:firebase-database:21.0.0] AndroidManifest.xml:33:17-109
126                android:value="com.google.firebase.components.ComponentRegistrar" />
126-->[com.google.firebase:firebase-database:21.0.0] AndroidManifest.xml:34:17-82
127            <meta-data
127-->[com.google.android.gms:play-services-measurement-api:22.4.0] AndroidManifest.xml:33:13-35:85
128                android:name="com.google.firebase.components:com.google.firebase.analytics.connector.internal.AnalyticsConnectorRegistrar"
128-->[com.google.android.gms:play-services-measurement-api:22.4.0] AndroidManifest.xml:34:17-139
129                android:value="com.google.firebase.components.ComponentRegistrar" />
129-->[com.google.android.gms:play-services-measurement-api:22.4.0] AndroidManifest.xml:35:17-82
130            <meta-data
130-->[com.google.firebase:firebase-installations:18.0.0] AndroidManifest.xml:15:13-17:85
131                android:name="com.google.firebase.components:com.google.firebase.installations.FirebaseInstallationsKtxRegistrar"
131-->[com.google.firebase:firebase-installations:18.0.0] AndroidManifest.xml:16:17-130
132                android:value="com.google.firebase.components.ComponentRegistrar" />
132-->[com.google.firebase:firebase-installations:18.0.0] AndroidManifest.xml:17:17-82
133            <meta-data
133-->[com.google.firebase:firebase-installations:18.0.0] AndroidManifest.xml:18:13-20:85
134                android:name="com.google.firebase.components:com.google.firebase.installations.FirebaseInstallationsRegistrar"
134-->[com.google.firebase:firebase-installations:18.0.0] AndroidManifest.xml:19:17-127
135                android:value="com.google.firebase.components.ComponentRegistrar" />
135-->[com.google.firebase:firebase-installations:18.0.0] AndroidManifest.xml:20:17-82
136            <meta-data
136-->[com.google.firebase:firebase-common-ktx:21.0.0] AndroidManifest.xml:12:13-14:85
137                android:name="com.google.firebase.components:com.google.firebase.ktx.FirebaseCommonLegacyRegistrar"
137-->[com.google.firebase:firebase-common-ktx:21.0.0] AndroidManifest.xml:13:17-116
138                android:value="com.google.firebase.components.ComponentRegistrar" />
138-->[com.google.firebase:firebase-common-ktx:21.0.0] AndroidManifest.xml:14:17-82
139            <meta-data
139-->[com.google.firebase:firebase-common:21.0.0] AndroidManifest.xml:35:13-37:85
140                android:name="com.google.firebase.components:com.google.firebase.FirebaseCommonKtxRegistrar"
140-->[com.google.firebase:firebase-common:21.0.0] AndroidManifest.xml:36:17-109
141                android:value="com.google.firebase.components.ComponentRegistrar" />
141-->[com.google.firebase:firebase-common:21.0.0] AndroidManifest.xml:37:17-82
142        </service>
143
144        <activity
144-->[com.google.firebase:firebase-auth:23.2.0] AndroidManifest.xml:29:9-46:20
145            android:name="com.google.firebase.auth.internal.GenericIdpActivity"
145-->[com.google.firebase:firebase-auth:23.2.0] AndroidManifest.xml:30:13-80
146            android:excludeFromRecents="true"
146-->[com.google.firebase:firebase-auth:23.2.0] AndroidManifest.xml:31:13-46
147            android:exported="true"
147-->[com.google.firebase:firebase-auth:23.2.0] AndroidManifest.xml:32:13-36
148            android:launchMode="singleTask"
148-->[com.google.firebase:firebase-auth:23.2.0] AndroidManifest.xml:33:13-44
149            android:theme="@android:style/Theme.Translucent.NoTitleBar" >
149-->[com.google.firebase:firebase-auth:23.2.0] AndroidManifest.xml:34:13-72
150            <intent-filter>
150-->[com.google.firebase:firebase-auth:23.2.0] AndroidManifest.xml:35:13-45:29
151                <action android:name="android.intent.action.VIEW" />
151-->[com.google.firebase:firebase-auth:23.2.0] AndroidManifest.xml:36:17-69
151-->[com.google.firebase:firebase-auth:23.2.0] AndroidManifest.xml:36:25-66
152
153                <category android:name="android.intent.category.DEFAULT" />
153-->[com.google.firebase:firebase-auth:23.2.0] AndroidManifest.xml:38:17-76
153-->[com.google.firebase:firebase-auth:23.2.0] AndroidManifest.xml:38:27-73
154                <category android:name="android.intent.category.BROWSABLE" />
154-->[com.google.firebase:firebase-auth:23.2.0] AndroidManifest.xml:39:17-78
154-->[com.google.firebase:firebase-auth:23.2.0] AndroidManifest.xml:39:27-75
155
156                <data
156-->src\main\AndroidManifest.xml:45:13-50
157                    android:host="firebase.auth"
158                    android:path="/"
159                    android:scheme="genericidp" />
160            </intent-filter>
161        </activity>
162        <activity
162-->[com.google.firebase:firebase-auth:23.2.0] AndroidManifest.xml:47:9-64:20
163            android:name="com.google.firebase.auth.internal.RecaptchaActivity"
163-->[com.google.firebase:firebase-auth:23.2.0] AndroidManifest.xml:48:13-79
164            android:excludeFromRecents="true"
164-->[com.google.firebase:firebase-auth:23.2.0] AndroidManifest.xml:49:13-46
165            android:exported="true"
165-->[com.google.firebase:firebase-auth:23.2.0] AndroidManifest.xml:50:13-36
166            android:launchMode="singleTask"
166-->[com.google.firebase:firebase-auth:23.2.0] AndroidManifest.xml:51:13-44
167            android:theme="@android:style/Theme.Translucent.NoTitleBar" >
167-->[com.google.firebase:firebase-auth:23.2.0] AndroidManifest.xml:52:13-72
168            <intent-filter>
168-->[com.google.firebase:firebase-auth:23.2.0] AndroidManifest.xml:53:13-63:29
169                <action android:name="android.intent.action.VIEW" />
169-->[com.google.firebase:firebase-auth:23.2.0] AndroidManifest.xml:36:17-69
169-->[com.google.firebase:firebase-auth:23.2.0] AndroidManifest.xml:36:25-66
170
171                <category android:name="android.intent.category.DEFAULT" />
171-->[com.google.firebase:firebase-auth:23.2.0] AndroidManifest.xml:38:17-76
171-->[com.google.firebase:firebase-auth:23.2.0] AndroidManifest.xml:38:27-73
172                <category android:name="android.intent.category.BROWSABLE" />
172-->[com.google.firebase:firebase-auth:23.2.0] AndroidManifest.xml:39:17-78
172-->[com.google.firebase:firebase-auth:23.2.0] AndroidManifest.xml:39:27-75
173
174                <data
174-->src\main\AndroidManifest.xml:45:13-50
175                    android:host="firebase.auth"
176                    android:path="/"
177                    android:scheme="recaptcha" />
178            </intent-filter>
179        </activity>
180
181        <provider
181-->[com.google.firebase:firebase-common:21.0.0] AndroidManifest.xml:23:9-28:39
182            android:name="com.google.firebase.provider.FirebaseInitProvider"
182-->[com.google.firebase:firebase-common:21.0.0] AndroidManifest.xml:24:13-77
183            android:authorities="com.example.phase2.firebaseinitprovider"
183-->[com.google.firebase:firebase-common:21.0.0] AndroidManifest.xml:25:13-72
184            android:directBootAware="true"
184-->[com.google.firebase:firebase-common:21.0.0] AndroidManifest.xml:26:13-43
185            android:exported="false"
185-->[com.google.firebase:firebase-common:21.0.0] AndroidManifest.xml:27:13-37
186            android:initOrder="100" />
186-->[com.google.firebase:firebase-common:21.0.0] AndroidManifest.xml:28:13-36
187
188        <service
188-->[androidx.credentials:credentials-play-services-auth:1.2.0-rc01] AndroidManifest.xml:24:9-32:19
189            android:name="androidx.credentials.playservices.CredentialProviderMetadataHolder"
189-->[androidx.credentials:credentials-play-services-auth:1.2.0-rc01] AndroidManifest.xml:25:13-94
190            android:enabled="true"
190-->[androidx.credentials:credentials-play-services-auth:1.2.0-rc01] AndroidManifest.xml:26:13-35
191            android:exported="false" >
191-->[androidx.credentials:credentials-play-services-auth:1.2.0-rc01] AndroidManifest.xml:27:13-37
192            <meta-data
192-->[androidx.credentials:credentials-play-services-auth:1.2.0-rc01] AndroidManifest.xml:29:13-31:104
193                android:name="androidx.credentials.CREDENTIAL_PROVIDER_KEY"
193-->[androidx.credentials:credentials-play-services-auth:1.2.0-rc01] AndroidManifest.xml:30:17-76
194                android:value="androidx.credentials.playservices.CredentialProviderPlayServicesImpl" />
194-->[androidx.credentials:credentials-play-services-auth:1.2.0-rc01] AndroidManifest.xml:31:17-101
195        </service>
196
197        <activity
197-->[androidx.credentials:credentials-play-services-auth:1.2.0-rc01] AndroidManifest.xml:34:9-41:20
198            android:name="androidx.credentials.playservices.HiddenActivity"
198-->[androidx.credentials:credentials-play-services-auth:1.2.0-rc01] AndroidManifest.xml:35:13-76
199            android:configChanges="orientation|screenSize|screenLayout|keyboardHidden"
199-->[androidx.credentials:credentials-play-services-auth:1.2.0-rc01] AndroidManifest.xml:36:13-87
200            android:enabled="true"
200-->[androidx.credentials:credentials-play-services-auth:1.2.0-rc01] AndroidManifest.xml:37:13-35
201            android:exported="false"
201-->[androidx.credentials:credentials-play-services-auth:1.2.0-rc01] AndroidManifest.xml:38:13-37
202            android:fitsSystemWindows="true"
202-->[androidx.credentials:credentials-play-services-auth:1.2.0-rc01] AndroidManifest.xml:39:13-45
203            android:theme="@style/Theme.Hidden" >
203-->[androidx.credentials:credentials-play-services-auth:1.2.0-rc01] AndroidManifest.xml:40:13-48
204        </activity>
205        <activity
205-->[com.google.android.gms:play-services-auth:20.7.0] AndroidManifest.xml:23:9-27:75
206            android:name="com.google.android.gms.auth.api.signin.internal.SignInHubActivity"
206-->[com.google.android.gms:play-services-auth:20.7.0] AndroidManifest.xml:24:13-93
207            android:excludeFromRecents="true"
207-->[com.google.android.gms:play-services-auth:20.7.0] AndroidManifest.xml:25:13-46
208            android:exported="false"
208-->[com.google.android.gms:play-services-auth:20.7.0] AndroidManifest.xml:26:13-37
209            android:theme="@android:style/Theme.Translucent.NoTitleBar" />
209-->[com.google.android.gms:play-services-auth:20.7.0] AndroidManifest.xml:27:13-72
210        <!--
211            Service handling Google Sign-In user revocation. For apps that do not integrate with
212            Google Sign-In, this service will never be started.
213        -->
214        <service
214-->[com.google.android.gms:play-services-auth:20.7.0] AndroidManifest.xml:33:9-37:51
215            android:name="com.google.android.gms.auth.api.signin.RevocationBoundService"
215-->[com.google.android.gms:play-services-auth:20.7.0] AndroidManifest.xml:34:13-89
216            android:exported="true"
216-->[com.google.android.gms:play-services-auth:20.7.0] AndroidManifest.xml:35:13-36
217            android:permission="com.google.android.gms.auth.api.signin.permission.REVOCATION_NOTIFICATION"
217-->[com.google.android.gms:play-services-auth:20.7.0] AndroidManifest.xml:36:13-107
218            android:visibleToInstantApps="true" />
218-->[com.google.android.gms:play-services-auth:20.7.0] AndroidManifest.xml:37:13-48
219
220        <uses-library
220-->[androidx.window:window:1.2.0] AndroidManifest.xml:23:9-25:40
221            android:name="androidx.window.extensions"
221-->[androidx.window:window:1.2.0] AndroidManifest.xml:24:13-54
222            android:required="false" />
222-->[androidx.window:window:1.2.0] AndroidManifest.xml:25:13-37
223        <uses-library
223-->[androidx.window:window:1.2.0] AndroidManifest.xml:26:9-28:40
224            android:name="androidx.window.sidecar"
224-->[androidx.window:window:1.2.0] AndroidManifest.xml:27:13-51
225            android:required="false" />
225-->[androidx.window:window:1.2.0] AndroidManifest.xml:28:13-37
226
227        <provider
227-->[androidx.emoji2:emoji2:1.3.0] AndroidManifest.xml:24:9-32:20
228            android:name="androidx.startup.InitializationProvider"
228-->[androidx.emoji2:emoji2:1.3.0] AndroidManifest.xml:25:13-67
229            android:authorities="com.example.phase2.androidx-startup"
229-->[androidx.emoji2:emoji2:1.3.0] AndroidManifest.xml:26:13-68
230            android:exported="false" >
230-->[androidx.emoji2:emoji2:1.3.0] AndroidManifest.xml:27:13-37
231            <meta-data
231-->[androidx.emoji2:emoji2:1.3.0] AndroidManifest.xml:29:13-31:52
232                android:name="androidx.emoji2.text.EmojiCompatInitializer"
232-->[androidx.emoji2:emoji2:1.3.0] AndroidManifest.xml:30:17-75
233                android:value="androidx.startup" />
233-->[androidx.emoji2:emoji2:1.3.0] AndroidManifest.xml:31:17-49
234            <meta-data
234-->[androidx.lifecycle:lifecycle-process:2.7.0] AndroidManifest.xml:29:13-31:52
235                android:name="androidx.lifecycle.ProcessLifecycleInitializer"
235-->[androidx.lifecycle:lifecycle-process:2.7.0] AndroidManifest.xml:30:17-78
236                android:value="androidx.startup" />
236-->[androidx.lifecycle:lifecycle-process:2.7.0] AndroidManifest.xml:31:17-49
237            <meta-data
237-->[androidx.profileinstaller:profileinstaller:1.3.1] AndroidManifest.xml:29:13-31:52
238                android:name="androidx.profileinstaller.ProfileInstallerInitializer"
238-->[androidx.profileinstaller:profileinstaller:1.3.1] AndroidManifest.xml:30:17-85
239                android:value="androidx.startup" />
239-->[androidx.profileinstaller:profileinstaller:1.3.1] AndroidManifest.xml:31:17-49
240        </provider>
241
242        <receiver
242-->[com.google.android.gms:play-services-measurement:22.4.0] AndroidManifest.xml:29:9-33:20
243            android:name="com.google.android.gms.measurement.AppMeasurementReceiver"
243-->[com.google.android.gms:play-services-measurement:22.4.0] AndroidManifest.xml:30:13-85
244            android:enabled="true"
244-->[com.google.android.gms:play-services-measurement:22.4.0] AndroidManifest.xml:31:13-35
245            android:exported="false" >
245-->[com.google.android.gms:play-services-measurement:22.4.0] AndroidManifest.xml:32:13-37
246        </receiver>
247
248        <service
248-->[com.google.android.gms:play-services-measurement:22.4.0] AndroidManifest.xml:35:9-38:40
249            android:name="com.google.android.gms.measurement.AppMeasurementService"
249-->[com.google.android.gms:play-services-measurement:22.4.0] AndroidManifest.xml:36:13-84
250            android:enabled="true"
250-->[com.google.android.gms:play-services-measurement:22.4.0] AndroidManifest.xml:37:13-35
251            android:exported="false" />
251-->[com.google.android.gms:play-services-measurement:22.4.0] AndroidManifest.xml:38:13-37
252        <service
252-->[com.google.android.gms:play-services-measurement:22.4.0] AndroidManifest.xml:39:9-43:72
253            android:name="com.google.android.gms.measurement.AppMeasurementJobService"
253-->[com.google.android.gms:play-services-measurement:22.4.0] AndroidManifest.xml:40:13-87
254            android:enabled="true"
254-->[com.google.android.gms:play-services-measurement:22.4.0] AndroidManifest.xml:41:13-35
255            android:exported="false"
255-->[com.google.android.gms:play-services-measurement:22.4.0] AndroidManifest.xml:42:13-37
256            android:permission="android.permission.BIND_JOB_SERVICE" />
256-->[com.google.android.gms:play-services-measurement:22.4.0] AndroidManifest.xml:43:13-69
257
258        <uses-library
258-->[androidx.privacysandbox.ads:ads-adservices:1.1.0-beta11] AndroidManifest.xml:23:9-25:40
259            android:name="android.ext.adservices"
259-->[androidx.privacysandbox.ads:ads-adservices:1.1.0-beta11] AndroidManifest.xml:24:13-50
260            android:required="false" />
260-->[androidx.privacysandbox.ads:ads-adservices:1.1.0-beta11] AndroidManifest.xml:25:13-37
261
262        <activity
262-->[com.google.android.gms:play-services-base:18.5.0] AndroidManifest.xml:5:9-173
263            android:name="com.google.android.gms.common.api.GoogleApiActivity"
263-->[com.google.android.gms:play-services-base:18.5.0] AndroidManifest.xml:5:19-85
264            android:exported="false"
264-->[com.google.android.gms:play-services-base:18.5.0] AndroidManifest.xml:5:146-170
265            android:theme="@android:style/Theme.Translucent.NoTitleBar" />
265-->[com.google.android.gms:play-services-base:18.5.0] AndroidManifest.xml:5:86-145
266
267        <meta-data
267-->[com.google.android.gms:play-services-basement:18.5.0] AndroidManifest.xml:21:9-23:69
268            android:name="com.google.android.gms.version"
268-->[com.google.android.gms:play-services-basement:18.5.0] AndroidManifest.xml:22:13-58
269            android:value="@integer/google_play_services_version" />
269-->[com.google.android.gms:play-services-basement:18.5.0] AndroidManifest.xml:23:13-66
270
271        <receiver
271-->[androidx.profileinstaller:profileinstaller:1.3.1] AndroidManifest.xml:34:9-52:20
272            android:name="androidx.profileinstaller.ProfileInstallReceiver"
272-->[androidx.profileinstaller:profileinstaller:1.3.1] AndroidManifest.xml:35:13-76
273            android:directBootAware="false"
273-->[androidx.profileinstaller:profileinstaller:1.3.1] AndroidManifest.xml:36:13-44
274            android:enabled="true"
274-->[androidx.profileinstaller:profileinstaller:1.3.1] AndroidManifest.xml:37:13-35
275            android:exported="true"
275-->[androidx.profileinstaller:profileinstaller:1.3.1] AndroidManifest.xml:38:13-36
276            android:permission="android.permission.DUMP" >
276-->[androidx.profileinstaller:profileinstaller:1.3.1] AndroidManifest.xml:39:13-57
277            <intent-filter>
277-->[androidx.profileinstaller:profileinstaller:1.3.1] AndroidManifest.xml:40:13-42:29
278                <action android:name="androidx.profileinstaller.action.INSTALL_PROFILE" />
278-->[androidx.profileinstaller:profileinstaller:1.3.1] AndroidManifest.xml:41:17-91